<?xml version="1.0" encoding="UTF-8"?>
<testng-results ignored="0" total="1" passed="0" failed="1" skipped="0">
  <reporter-output>
  </reporter-output>
  <suite started-at="2024-09-25T12:16:44 IST" name="Default suite" finished-at="2024-09-25T12:17:10 IST" duration-ms="26689">
    <groups>
      <group name="cucumber">
        <method signature="AbstractTestNGCucumberTests.runScenario(io.cucumber.testng.PickleWrapper,io.cucumber.testng.FeatureWrapper)[pri:0, instance:runner.runnerTest@9d5509a]" name="runScenario" class="io.cucumber.testng.AbstractTestNGCucumberTests"/>
      </group> <!-- cucumber -->
    </groups>
    <test started-at="2024-09-25T12:16:44 IST" name="Default test" finished-at="2024-09-25T12:17:10 IST" duration-ms="26689">
      <class name="runner.runnerTest">
        <test-method is-config="true" signature="setUpClass()[pri:0, instance:runner.runnerTest@9d5509a]" started-at="2024-09-25T12:16:44 IST" name="setUpClass" finished-at="2024-09-25T12:16:44 IST" duration-ms="637" status="PASS">
          <reporter-output>
          </reporter-output>
        </test-method> <!-- setUpClass -->
        <test-method signature="runScenario(io.cucumber.testng.PickleWrapper,io.cucumber.testng.FeatureWrapper)[pri:0, instance:runner.runnerTest@9d5509a]" started-at="2024-09-25T12:16:44 IST" name="runScenario" description="Runs Cucumber Scenarios" data-provider="scenarios" finished-at="2024-09-25T12:17:08 IST" duration-ms="23756" status="FAIL">
          <params>
            <param index="0">
              <value>
                <![CDATA["Login with valid credentials"]]>
              </value>
            </param>
            <param index="1">
              <value>
                <![CDATA["Optional[User Login]"]]>
              </value>
            </param>
          </params>
          <exception class="java.lang.NullPointerException">
            <message>
              <![CDATA[Cannot invoke "org.openqa.selenium.WebElement.click()" because "webelement" is null]]>
            </message>
            <full-stacktrace>
              <![CDATA[java.lang.NullPointerException: Cannot invoke "org.openqa.selenium.WebElement.click()" because "webelement" is null
at utilis.ElementUtilis.clickonElement(ElementUtilis.java:22)
at pages.LandingPage.MyAccount(LandingPage.java:49)
at stepdefinitions.loginsteps.User_clicks_on_My_Account_dropdown(loginsteps.java:26)
at ✽.User clicks on My Account dropdown(file:///C:/Users/sahubarsathik_s/Downloads/CucumberBDD_HybridFramework-main/CucumberBDD_HybridFramework-main/src/test/resources/features/login.feature:5)
]]>
            </full-stacktrace>
          </exception> <!-- java.lang.NullPointerException -->
          <reporter-output>
          </reporter-output>
        </test-method> <!-- runScenario -->
        <test-method is-config="true" signature="tearDownClass()[pri:0, instance:runner.runnerTest@9d5509a]" started-at="2024-09-25T12:17:08 IST" name="tearDownClass" finished-at="2024-09-25T12:17:10 IST" duration-ms="2238" status="PASS">
          <reporter-output>
          </reporter-output>
        </test-method> <!-- tearDownClass -->
      </class> <!-- runner.runnerTest -->
    </test> <!-- Default test -->
  </suite> <!-- Default suite -->
</testng-results>
