<?xml version="1.0" encoding="UTF-8"?>
<!-- Generated by org.testng.reporters.JUnitXMLReporter -->
<testsuite ignored="0" hostname="CHL135531" failures="1" tests="1" name="Default test" time="26.689" errors="0" timestamp="2024-09-25T12:17:10 IST">
  <testcase classname="io.cucumber.testng.AbstractTestNGCucumberTests" name="runScenario" time="23.756">
    <failure type="java.lang.NullPointerException" message="Cannot invoke &amp;quot;org.openqa.selenium.WebElement.click()&amp;quot; because &amp;quot;webelement&amp;quot; is null">
      <![CDATA[java.lang.NullPointerException: Cannot invoke "org.openqa.selenium.WebElement.click()" because "webelement" is null
at utilis.ElementUtilis.clickonElement(ElementUtilis.java:22)
at pages.LandingPage.MyAccount(LandingPage.java:49)
at stepdefinitions.loginsteps.User_clicks_on_My_Account_dropdown(loginsteps.java:26)
at ✽.User clicks on My Account dropdown(file:///C:/Users/sahubarsathik_s/Downloads/CucumberBDD_HybridFramework-main/CucumberBDD_HybridFramework-main/src/test/resources/features/login.feature:5)
]]>
    </failure>
  </testcase> <!-- runScenario -->
</testsuite> <!-- Default test -->
